2021-09-02 15:31:20 [INFO] [com.example.plan.controller.LogController] [http-nio-8080-exec-2] [com.example.plan.controller.LogController.printHello(LogController.java:18)] - Low Fuel level
2021-09-02 15:31:22 [INFO] [com.example.plan.controller.LogController] [http-nio-8080-exec-3] [com.example.plan.controller.LogController.printHello(LogController.java:18)] - Low Fuel level
2021-09-02 15:38:01 [DEBUG] [com.example.plan.controller.LogController] [http-nio-8080-exec-1] [com.example.plan.controller.LogController.printHello(LogController.java:18)] - DEBUG LEVEL
2021-09-02 15:38:01 [INFO] [com.example.plan.controller.LogController] [http-nio-8080-exec-1] [com.example.plan.controller.LogController.printHello(LogController.java:19)] - INFO LEVEL
2021-09-02 15:38:01 [WARN] [com.example.plan.controller.LogController] [http-nio-8080-exec-1] [com.example.plan.controller.LogController.printHello(LogController.java:20)] - WARN LEVEL
2021-09-02 15:38:01 [ERROR] [com.example.plan.controller.LogController] [http-nio-8080-exec-1] [com.example.plan.controller.LogController.printHello(LogController.java:21)] - ERROR LEVEL
2021-09-02 15:38:01 [FATAL] [com.example.plan.controller.LogController] [http-nio-8080-exec-1] [com.example.plan.controller.LogController.printHello(LogController.java:22)] - FATAL LEVEL
2021-09-02 15:38:31 [INFO] [com.example.plan.controller.LogController] [http-nio-8080-exec-1] [com.example.plan.controller.LogController.printHello(LogController.java:19)] - INFO LEVEL
2021-09-02 15:38:31 [WARN] [com.example.plan.controller.LogController] [http-nio-8080-exec-1] [com.example.plan.controller.LogController.printHello(LogController.java:20)] - WARN LEVEL
2021-09-02 15:38:31 [ERROR] [com.example.plan.controller.LogController] [http-nio-8080-exec-1] [com.example.plan.controller.LogController.printHello(LogController.java:21)] - ERROR LEVEL
2021-09-02 15:38:31 [FATAL] [com.example.plan.controller.LogController] [http-nio-8080-exec-1] [com.example.plan.controller.LogController.printHello(LogController.java:22)] - FATAL LEVEL
2021-09-02 15:44:56 [INFO] [com.example.plan.controller.LogController] [http-nio-8080-exec-4] [com.example.plan.controller.LogController.printHello(LogController.java:19)] - INFO LEVEL
2021-09-02 15:44:56 [WARN] [com.example.plan.controller.LogController] [http-nio-8080-exec-4] [com.example.plan.controller.LogController.printHello(LogController.java:20)] - WARN LEVEL
2021-09-02 15:44:56 [ERROR] [com.example.plan.controller.LogController] [http-nio-8080-exec-4] [com.example.plan.controller.LogController.printHello(LogController.java:21)] - ERROR LEVEL
2021-09-02 15:44:56 [FATAL] [com.example.plan.controller.LogController] [http-nio-8080-exec-4] [com.example.plan.controller.LogController.printHello(LogController.java:22)] - FATAL LEVEL
2021-09-03 09:30:04 [DEBUG] [com.example.plan.service.Impl.StudentService] [http-nio-8080-exec-2] [com.example.plan.service.Impl.StudentService.findById(StudentService.java:34)] - Get Student ID 100 From SQL:
2021-09-03 09:37:45 [DEBUG] [com.example.plan.service.Impl.StudentService] [http-nio-8080-exec-2] [com.example.plan.service.Impl.StudentService.findById(StudentService.java:35)] 6669- Get Student ID 100 From SQL:
2021-09-03 09:39:48 [DEBUG] [com.example.plan.service.Impl.StudentService] [http-nio-8080-exec-2] [com.example.plan.service.Impl.StudentService.findById(StudentService.java:35)] 6669- Get Student ID 100 From SQL:
2021-09-03 09:45:25 [DEBUG] [com.example.plan.service.Impl.StudentService] [http-nio-8080-exec-2] [com.example.plan.service.Impl.StudentService.findById(StudentService.java:35)] 6669- Get Student ID 100 From SQL:
2021-09-03 09:53:15 [DEBUG] [com.example.plan.service.Impl.StudentService] [http-nio-8080-exec-1] [com.example.plan.service.Impl.StudentService.findById(StudentService.java:35)] 6669- Get Student ID 100 From SQL:
2021-09-03 09:55:02 [DEBUG] [com.example.plan.service.Impl.StudentService] [http-nio-8080-exec-2] [com.example.plan.service.Impl.StudentService.findById(StudentService.java:35)] 6669- Get Student ID 100 From SQL:
2021-09-03 09:55:20 [DEBUG] [com.example.plan.service.Impl.StudentService] [http-nio-8080-exec-1] [com.example.plan.service.Impl.StudentService.findById(StudentService.java:35)] 6669- Get Student ID 100 From SQL:
2021-09-03 09:57:08 [DEBUG] [com.example.plan.service.Impl.StudentService] [http-nio-8080-exec-2] [com.example.plan.service.Impl.StudentService.findById(StudentService.java:35)] 6669- Get Student ID 100 From SQL:
2021-09-03 10:03:14 [DEBUG] [com.example.plan.service.Impl.StudentService] [http-nio-8080-exec-2] [com.example.plan.service.Impl.StudentService.findById(StudentService.java:34)] 6669- Get Student ID 100 From SQL:
2021-09-03 10:04:13 [DEBUG] [com.example.plan.service.Impl.StudentService] [http-nio-8080-exec-5] [com.example.plan.service.Impl.StudentService.findById(StudentService.java:34)] 6669- Get Student ID 53 From SQL:
2021-09-03 10:06:11 [DEBUG] [com.example.plan.service.Impl.StudentService] [http-nio-8080-exec-10] [com.example.plan.service.Impl.StudentService.findById(StudentService.java:34)] 6669- Get Student ID 58 From SQL:
2021-09-03 10:14:23 [DEBUG] [com.example.plan.service.Impl.StudentService] [http-nio-8080-exec-1] [com.example.plan.service.Impl.StudentService.findById(StudentService.java:34)] 6669- Get Student ID 588 From SQL:
2021-09-03 10:15:19 [DEBUG] [com.example.plan.service.Impl.StudentService] [http-nio-8080-exec-8] [com.example.plan.service.Impl.StudentService.findById(StudentService.java:34)] 6669- Get Student ID 58 From SQL:
2021-09-03 10:17:29 [DEBUG] [com.example.plan.service.Impl.StudentService] [http-nio-8080-exec-3] [com.example.plan.service.Impl.StudentService.findAll(StudentService.java:41)] 6669- Get student list from SQL
2021-09-03 10:23:23 [DEBUG] [com.example.plan.service.Impl.StudentService] [http-nio-8080-exec-5] [com.example.plan.service.Impl.StudentService.updateById(StudentService.java:61)] 6669- Update student ID: 58
2021-09-03 10:23:36 [DEBUG] [com.example.plan.service.Impl.StudentService] [http-nio-8080-exec-9] [com.example.plan.service.Impl.StudentService.updateById(StudentService.java:61)] 6669- Update student ID: 58
2021-09-03 10:25:01 [DEBUG] [com.example.plan.service.Impl.StudentService] [http-nio-8080-exec-1] [com.example.plan.service.Impl.StudentService.updateById(StudentService.java:61)] 6669- Update student ID: 58
2021-09-03 10:26:04 [DEBUG] [com.example.plan.service.Impl.StudentService] [http-nio-8080-exec-5] [com.example.plan.service.Impl.StudentService.findById(StudentService.java:32)] 6669- Get Student ID 58 From SQL
2021-09-03 10:26:18 [DEBUG] [com.example.plan.service.Impl.StudentService] [http-nio-8080-exec-6] [com.example.plan.service.Impl.StudentService.updateById(StudentService.java:61)] 6669- Update student ID: 58
2021-09-03 10:28:37 [DEBUG] [com.example.plan.service.Impl.StudentService] [http-nio-8080-exec-2] [com.example.plan.service.Impl.StudentService.findById(StudentService.java:32)] 6669- Get Student ID 58 From SQL
2021-09-03 10:28:48 [DEBUG] [com.example.plan.service.Impl.StudentService] [http-nio-8080-exec-3] [com.example.plan.service.Impl.StudentService.updateById(StudentService.java:61)] 6669- Update student ID: 58
2021-09-03 10:30:34 [DEBUG] [com.example.plan.service.Impl.StudentService] [http-nio-8080-exec-10] [com.example.plan.service.Impl.StudentService.findById(StudentService.java:32)] 6669- Get Student ID 58 From SQL
